15.1.2023, 22:23:51 - DEBUG - getting Toys 
15.1.2023, 22:23:51 - DEBUG - getting Toys 
15.1.2023, 22:24:26 - DEBUG - getting Toys 
15.1.2023, 22:24:26 - ERROR - cannot find cars | TypeError: Cannot read properties of undefined (reading 'name') 
15.1.2023, 22:24:27 - DEBUG - getting Toys 
15.1.2023, 22:24:27 - ERROR - cannot find cars | TypeError: Cannot read properties of undefined (reading 'name') 
15.1.2023, 22:26:48 - DEBUG - getting Toys 
15.1.2023, 22:26:48 - ERROR - cannot find cars | TypeError: Cannot read properties of undefined (reading 'name') 
15.1.2023, 22:26:49 - DEBUG - getting Toys 
15.1.2023, 22:26:49 - ERROR - cannot find cars | TypeError: Cannot read properties of undefined (reading 'name') 
15.1.2023, 22:30:53 - DEBUG - getting Toys 
15.1.2023, 22:30:53 - ERROR - cannot find cars | TypeError: Cannot read properties of undefined (reading 'name') 
15.1.2023, 22:30:53 - DEBUG - getting Toys 
15.1.2023, 22:30:53 - ERROR - cannot find cars | TypeError: Cannot read properties of undefined (reading 'name') 
15.1.2023, 22:42:22 - DEBUG - getting Toys 
15.1.2023, 22:42:22 - DEBUG - getting Toys 
16.1.2023, 7:59:53 - DEBUG - getting Toys 
16.1.2023, 7:59:54 - DEBUG - getting Toys 
16.1.2023, 13:55:44 - DEBUG - getting Toys 
16.1.2023, 13:55:44 - DEBUG - getting Toys 
16.1.2023, 14:02:48 - DEBUG - getting Toys 
16.1.2023, 14:09:16 - DEBUG - getting Toys 
16.1.2023, 14:09:17 - DEBUG - getting Toys 
16.1.2023, 16:37:09 - DEBUG - getting Toys 
16.1.2023, 16:37:10 - DEBUG - getting Toys 
16.1.2023, 16:54:10 - DEBUG - getting Toys 
16.1.2023, 16:59:03 - DEBUG - getting Toys 
16.1.2023, 16:59:04 - DEBUG - getting Toys 
16.1.2023, 17:08:04 - DEBUG - getting Toys 
16.1.2023, 17:08:04 - DEBUG - getting Toys 
16.1.2023, 17:25:40 - DEBUG - getting Toys 
16.1.2023, 17:26:02 - DEBUG - auth.service - signup with username: ohad, fullname: ohad 
16.1.2023, 17:26:02 - ERROR - Failed to signup ReferenceError: bcrypt is not defined 
16.1.2023, 17:36:24 - DEBUG - getting Toys 
16.1.2023, 17:36:24 - DEBUG - getting Toys 
16.1.2023, 17:36:34 - DEBUG - auth.service - signup with username: ohad, fullname: ohad 
16.1.2023, 17:36:34 - ERROR - Failed to signup ReferenceError: bcrypt is not defined 
16.1.2023, 17:44:54 - DEBUG - getting Toys 
16.1.2023, 17:44:54 - DEBUG - getting Toys 
16.1.2023, 17:45:17 - DEBUG - auth.service - signup with username: ohad, fullname: ohad 
16.1.2023, 17:45:17 - ERROR - Failed to signup TypeError: Cryptr.hash is not a function 
16.1.2023, 17:49:46 - DEBUG - getting Toys 
16.1.2023, 17:49:47 - DEBUG - getting Toys 
16.1.2023, 17:50:05 - DEBUG - auth.service - signup with username: ohad, fullname: ohad 
16.1.2023, 17:50:05 - ERROR - Failed to signup TypeError: Cryptr.hash is not a function 
16.1.2023, 17:50:25 - DEBUG - auth.service - signup with username: ohad, fullname: ohad 
16.1.2023, 17:50:25 - DEBUG - auth.service - login with username: ohad 
16.1.2023, 17:50:25 - DEBUG - auth.route - new account created: {"username":"ohad","password":"$2b$10$CbpZYrigVUpAVuhCY.CDNulEuxTvh4k4XYOcAgisvGpfBH8DDY7L6","fullname":"ohad","score":0,"_id":"63c5724173ec46734135f5da"} 
16.1.2023, 17:50:25 - ERROR - Failed to signup TypeError: Cryptr.compare is not a function 
16.1.2023, 17:50:50 - DEBUG - auth.service - signup with username: ohad, fullname: ohad 
16.1.2023, 17:50:50 - DEBUG - auth.route - new account created: {"username":"ohad","password":"$2b$10$.bA7Q6FtIcXbYKay06u8Kerclx21Vfy4YnFn9M3ig5rSiMzlxyV0O","fullname":"ohad","score":0,"_id":"63c5725a9c27ea6c802068ba"} 
16.1.2023, 17:50:50 - DEBUG - auth.service - login with username: ohad 
16.1.2023, 17:50:50 - ERROR - Failed to signup TypeError: Cryptr.encrypt is not a function 
16.1.2023, 17:51:14 - DEBUG - auth.service - signup with username: ohad, fullname: ohad 
16.1.2023, 17:51:14 - DEBUG - auth.route - new account created: {"username":"ohad","password":"$2b$10$hNuLBwUh.M8xwmQ4.XZ2tOnoPHMaf8QtBXn8roAKlXkxgFwxmDnue","fullname":"ohad","score":0,"_id":"63c5727237713b94c42404ea"} 
16.1.2023, 17:51:14 - DEBUG - auth.service - login with username: ohad 
16.1.2023, 17:51:14 - ERROR - Failed to signup TypeError: bcrypt.encrypt is not a function 
16.1.2023, 18:50:53 - ERROR - Failed to signup ReferenceError: bcryptr is not defined 
16.1.2023, 18:50:53 - DEBUG - auth.service - signup with username: ohad, fullname: ohad 
16.1.2023, 18:51:18 - DEBUG - auth.service - signup with username: ohad, fullname: ohad 
16.1.2023, 18:51:18 - DEBUG - auth.service - login with username: ohad 
16.1.2023, 18:51:18 - DEBUG - auth.route - new account created: {"username":"ohad","password":"$2b$10$W5aT3uGu8exxAtlpVv.0K.Kw2rf5AdynlbQU2rMnbRvr8OdgNd0MK","fullname":"ohad","score":0,"_id":"63c5808694b2fe10d2f67871"} 
16.1.2023, 18:51:18 - ERROR - Failed to signup TypeError: bcryptr.encrypt is not a function 
16.1.2023, 18:51:32 - DEBUG - auth.service - signup with username: ohad, fullname: ohad 
16.1.2023, 18:51:32 - DEBUG - auth.route - new account created: {"username":"ohad","password":"$2b$10$qj/N9/Pw1xPAzNAHig2qeetFPm4yZN.y2uWluDuUSyS3iDU3cHOdS","fullname":"ohad","score":0,"_id":"63c58094c0ef3e72041997a8"} 
16.1.2023, 18:51:32 - DEBUG - auth.service - login with username: ohad 
16.1.2023, 18:51:32 - ERROR - Failed to signup TypeError: Cryptr.encrypt is not a function 
16.1.2023, 18:53:47 - DEBUG - auth.service - signup with username: ohad, fullname: ohad 
16.1.2023, 18:53:47 - DEBUG - auth.route - new account created: {"username":"ohad","password":"$2b$10$aASW42KgBB873jxPXFRJUOlxgLck8C8P67sPWZCrzsNeX.53agG52","fullname":"ohad","score":0,"_id":"63c5811b942f7cbb0dbb292f"} 
16.1.2023, 18:53:47 - DEBUG - auth.service - login with username: ohad 
16.1.2023, 18:53:47 - INFO - User login:  | {"_id":"63c5724173ec46734135f5da","username":"ohad","fullname":"ohad","score":0,"isAdmin":null} 
16.1.2023, 18:55:53 - DEBUG - auth.service - login with username: Ohad 
16.1.2023, 18:55:53 - ERROR - Failed to Login Invalid username or password 
16.1.2023, 19:07:02 - DEBUG - getting Toys 
16.1.2023, 19:07:02 - DEBUG - getting Toys 
